        -:    0:Source:C:/Users/Omen/CLionProjects/OOP-lab6-7/Repository.h
        -:    0:Graph:C:\Users\Omen\CLionProjects\OOP-lab6-7\cmake-build-debug-coverage\CMakeFiles\OOP_lab6_7.dir\main.cpp.gcno
        -:    0:Data:C:\Users\Omen\CLionProjects\OOP-lab6-7\cmake-build-debug-coverage\CMakeFiles\OOP_lab6_7.dir\main.cpp.gcda
        -:    0:Runs:1
        -:    1:#ifndef OOP_LAB6_7_REPOSITORY_H
        -:    2:#define OOP_LAB6_7_REPOSITORY_H
        -:    3:#include <utility>
        -:    4:#include <vector>
        -:    5:#include "Medicament.h"
        -:    6:#include "TemplateVectorDinamic.h"
        -:    7:#include <exception>
        -:    8:#include <stdexcept>
        -:    9:using std::vector;
        -:   10:
        -:   11:class RepoAbstract{
        -:   12:
        -:   13:public:
        -:   14:    virtual void addMed(const Medicament& m)=0;
        -:   15:    virtual void deleteMed(const string& nume)=0;
        -:   16:    virtual const vector<Medicament>& getAll() const=0;
        -:   17:    virtual void modificaMed(const Medicament& m)=0;
        -:   18:};
        -:   19:
        -:   20:class Repo :public RepoAbstract
        -:   21:{
        -:   22:private:
        -:   23:    vector<Medicament> medicamente;
        -:   24:
        -:   25:public:
function _ZN4RepoC2Ev called 6 returned 100% blocks executed 100%
        6:   26:    Repo() = default;
        6:   26-block  0
call    0 returned 6
call    1 returned 6
        -:   27:
        -:   28:    Repo(const Repo& other) = delete;
        -:   29:
        -:   30:    /*Adauga un medicament in Repo*/
        -:   31:    void addMed(const Medicament& m) override;
        -:   32:
        -:   33:    /*Sterge un medicament din Repo cu un nume dat. Arunca exceptie daca medicamentul nu exista.*/
        -:   34:    void deleteMed(const string& nume) override;
        -:   35:
        -:   36:    /*Returneaza toate medicamentele*/
        -:   37:    [[nodiscard]] const vector<Medicament>& getAll() const override{
        -:   38:        return this->medicamente;
        -:   39:    }
        -:   40:
        -:   41:    /*Modifica un medicament din farmacie*/
        -:   42:    void modificaMed(const Medicament& m) override;
        -:   43:
function _ZN4RepoD2Ev called 6 returned 100% blocks executed 100%
        6:   44:    ~Repo()=default;
        6:   44-block  0
call    0 returned 6
        -:   45:
        -:   46:};
        -:   47:
        -:   48:
        -:   49:class RepoFile: public Repo{
        -:   50:private:
        -:   51:    string fileName;
        -:   52:    void loadFromFile();
        -:   53:    void saveToFile();
        -:   54:public:
function _ZN8RepoFileC1ENSt7__cxx1112basic_stringIcSt11char_traitsIcESaIcEEE called 6 returned 83% blocks executed 100%
        7:   55:    RepoFile(string filename): Repo(),fileName{filename} {loadFromFile();};
        6:   55-block  0
call    0 returned 6
call    1 returned 6
branch  2 taken 6 (fallthrough)
branch  3 taken 0 (throw)
        6:   55-block  1
call    4 returned 6
branch  5 taken 5 (fallthrough)
branch  6 taken 1 (throw)
        5:   55-block  2
        1:   55-block  3
call    7 returned 1
        1:   55-block  4
call    8 returned 1
        -:   56:    void addMed(const Medicament& m) override;
        -:   57:    void deleteMed(const string& nume) override;
        -:   58:    void modificaMed(const Medicament& m) override;
        -:   59:};
        -:   60:
        -:   61:class MyException{
        -:   62:public:
        -:   63:    string mesaj;
        -:   64:    explicit MyException(string m) : mesaj{std::move(m)}{};
        -:   65:    [[nodiscard]] string getMesaj() const
        -:   66:    {
        -:   67:        return mesaj;
        -:   68:    }
        -:   69:};
        -:   70:#endif //OOP_LAB6_7_REPOSITORY_H
