        -:    0:Source:C:/Users/Omen/CLionProjects/OOP-lab6-7/UI.h
        -:    0:Graph:C:\Users\Omen\CLionProjects\OOP-lab6-7\cmake-build-debug-coverage\CMakeFiles\OOP_lab6_7.dir\main.cpp.gcno
        -:    0:Data:C:\Users\Omen\CLionProjects\OOP-lab6-7\cmake-build-debug-coverage\CMakeFiles\OOP_lab6_7.dir\main.cpp.gcda
        -:    0:Runs:1
        -:    1:#ifndef OOP_LAB6_7_UI_H
        -:    2:#define OOP_LAB6_7_UI_H
        -:    3:#include "Service.h"
        -:    4:class UI
        -:    5:{
        -:    6:private:
        -:    7:    Service& service;
        -:    8:public:
function _ZN2UIC1ER7Service called 1 returned 100% blocks executed 100%
        1:    9:    UI(Service& service): service{service}{};
        -:   10:    UI(const UI& other) = delete;
        -:   11:    static void printMenu();
        -:   12:    void run();
        -:   13:    ~UI()=default;
        -:   14:
        -:   15:};
        -:   16:#endif //OOP_LAB6_7_UI_H
