        -:    0:Source:C:/Users/Omen/CLionProjects/OOP-lab6-7/Validator.h
        -:    0:Graph:C:\Users\Omen\CLionProjects\OOP-lab6-7\cmake-build-debug-coverage\CMakeFiles\OOP_lab6_7.dir\Service.cpp.gcno
        -:    0:Data:C:\Users\Omen\CLionProjects\OOP-lab6-7\cmake-build-debug-coverage\CMakeFiles\OOP_lab6_7.dir\Service.cpp.gcda
        -:    0:Runs:1
        -:    1:#ifndef OOP_LAB6_7_VALIDATOR_H
        -:    2:#define OOP_LAB6_7_VALIDATOR_H
        -:    3:#include "Medicament.h"
        -:    4:#include <utility>
        -:    5:#include <vector>
        -:    6:#include <string>
        -:    7:using std::string;
        -:    8:using std::vector;
        -:    9:
        -:   10:class ValidationException
        -:   11:{
        -:   12:    vector <string> mesaj;
        -:   13:public:
function _ZN19ValidationExceptionC1ESt6vectorINSt7__cxx1112basic_stringIcSt11char_traitsIcESaIcEEESaIS6_EE called 3 returned 100% blocks executed 100%
        3:   14:    explicit ValidationException(vector<string> eroare): mesaj{std::move(eroare)} {};
        3:   14-block  0
call    0 returned 3
call    1 returned 3
        -:   15:
        -:   16:    string getMesaj()
        -:   17:    {
        -:   18:        string msg = "";
        -:   19:        for(const string& e: mesaj)
        -:   20:            msg+= e+"\n";
        -:   21:
        -:   22:        return msg;
        -:   23:    }
        -:   24:
        -:   25:};
        -:   26:
        -:   27:class Validator
        -:   28:{
        -:   29:public:
function _ZN9Validator9valideazaERK10Medicament called 62 returned 95% blocks executed 65%
       62:   30:    void valideaza(const Medicament &m)
        -:   31:{
       62:   32:    vector<string> erori;
       62:   32-block  0
call    0 returned 62
       62:   33:    if(m.getNume().length()<2)
call    0 returned 62
branch  1 taken 62 (fallthrough)
branch  2 taken 0 (throw)
       62:   33-block  0
call    3 returned 62
call    4 returned 62
branch  5 taken 2 (fallthrough)
branch  6 taken 60
    $$$$$:   33-block  1
        4:   34:        erori.push_back("Titlul trebuie sa aiba cel putin 2 caractere!");
        2:   34-block  0
call    0 returned 2
branch  1 taken 2 (fallthrough)
branch  2 taken 0 (throw)
        2:   34-block  1
call    3 returned 2
branch  4 taken 2 (fallthrough)
branch  5 taken 0 (throw)
        2:   34-block  2
call    6 returned 2
    $$$$$:   34-block  3
call    7 never executed
    $$$$$:   34-block  4
    $$$$$:   34-block  5
       62:   35:    if(m.getSubstanta().length()<2)
       62:   35-block  0
call    0 returned 62
branch  1 taken 62 (fallthrough)
branch  2 taken 0 (throw)
       62:   35-block  1
call    3 returned 62
call    4 returned 62
branch  5 taken 2 (fallthrough)
branch  6 taken 60
    $$$$$:   35-block  2
        4:   36:        erori.push_back("Substanta trebuie sa aiba cel putin 2 caractere!");
        2:   36-block  0
call    0 returned 2
branch  1 taken 2 (fallthrough)
branch  2 taken 0 (throw)
        2:   36-block  1
call    3 returned 2
branch  4 taken 2 (fallthrough)
branch  5 taken 0 (throw)
        2:   36-block  2
call    6 returned 2
    $$$$$:   36-block  3
call    7 never executed
    $$$$$:   36-block  4
    $$$$$:   36-block  5
       62:   37:    if(m.getProducator().length()<2)
       62:   37-block  0
call    0 returned 62
branch  1 taken 62 (fallthrough)
branch  2 taken 0 (throw)
       62:   37-block  1
call    3 returned 62
call    4 returned 62
branch  5 taken 2 (fallthrough)
branch  6 taken 60
    $$$$$:   37-block  2
        4:   38:        erori.push_back("Producatorul trebuie sa aiba cel putin 2 caractere!");
        2:   38-block  0
call    0 returned 2
branch  1 taken 2 (fallthrough)
branch  2 taken 0 (throw)
        2:   38-block  1
call    3 returned 2
branch  4 taken 2 (fallthrough)
branch  5 taken 0 (throw)
        2:   38-block  2
call    6 returned 2
    $$$$$:   38-block  3
call    7 never executed
    $$$$$:   38-block  4
    $$$$$:   38-block  5
       62:   39:    if(m.getPret()<1)
       62:   39-block  0
call    0 returned 62
branch  1 taken 2 (fallthrough)
branch  2 taken 60
        4:   40:        erori.push_back("Pretul nu poate fi mai mic decat 1!");
        2:   40-block  0
call    0 returned 2
branch  1 taken 2 (fallthrough)
branch  2 taken 0 (throw)
        2:   40-block  1
call    3 returned 2
branch  4 taken 2 (fallthrough)
branch  5 taken 0 (throw)
        2:   40-block  2
call    6 returned 2
    $$$$$:   40-block  3
call    7 never executed
    $$$$$:   40-block  4
    $$$$$:   40-block  5
       62:   41:    if(!erori.empty())
       62:   41-block  0
call    0 returned 62
branch  1 taken 3 (fallthrough)
branch  2 taken 59
        3:   42:        throw ValidationException(erori);
        3:   42-block  0
call    0 returned 3
call    1 returned 3
branch  2 taken 3 (fallthrough)
branch  3 taken 0 (throw)
        3:   42-block  1
call    4 returned 3
call    5 returned 3
call    6 returned 3
    $$$$$:   42-block  2
    $$$$$:   42-block  3
call    7 never executed
        -:   43:
       62:   44:}
       59:   44-block  0
call    0 returned 59
        3:   44-block  1
call    1 returned 3
        -:   45:};
        -:   46:
        -:   47:#endif //OOP_LAB6_7_VALIDATOR_H
