        -:    0:Source:C:/Users/Omen/CLionProjects/OOP-lab6-7/Validator.h
        -:    0:Graph:C:\Users\Omen\CLionProjects\OOP-lab6-7\cmake-build-debug-coverage\CMakeFiles\OOP_lab6_7.dir\Teste.cpp.gcno
        -:    0:Data:C:\Users\Omen\CLionProjects\OOP-lab6-7\cmake-build-debug-coverage\CMakeFiles\OOP_lab6_7.dir\Teste.cpp.gcda
        -:    0:Runs:1
        -:    1:#ifndef OOP_LAB6_7_VALIDATOR_H
        -:    2:#define OOP_LAB6_7_VALIDATOR_H
        -:    3:#include "Medicament.h"
        -:    4:#include <utility>
        -:    5:#include <vector>
        -:    6:#include <string>
        -:    7:using std::string;
        -:    8:using std::vector;
        -:    9:
        -:   10:class ValidationException
        -:   11:{
        -:   12:    vector <string> mesaj;
        -:   13:public:
        -:   14:    explicit ValidationException(vector<string> eroare): mesaj{std::move(eroare)} {};
        -:   15:
function _ZN19ValidationException8getMesajB5cxx11Ev called 0 returned 0% blocks executed 0%
    #####:   16:    string getMesaj()
    %%%%%:   16-block  0
        -:   17:    {
    #####:   18:        string msg = "";
    %%%%%:   18-block  0
call    0 never executed
branch  1 never executed (fallthrough)
branch  2 never executed (throw)
    $$$$$:   18-block  1
call    3 never executed
    #####:   19:        for(const string& e: mesaj)
call    0 never executed
call    1 never executed
    %%%%%:   19-block  0
call    2 never executed
    %%%%%:   19-block  1
call    3 never executed
branch  4 never executed
branch  5 never executed (fallthrough)
    #####:   20:            msg+= e+"\n";
call    0 never executed
branch  1 never executed (fallthrough)
branch  2 never executed (throw)
    %%%%%:   20-block  0
call    3 never executed
branch  4 never executed (fallthrough)
branch  5 never executed (throw)
    %%%%%:   20-block  1
call    6 never executed
call    7 never executed
    $$$$$:   20-block  2
call    8 never executed
    $$$$$:   20-block  3
        -:   21:
    #####:   22:        return msg;
    %%%%%:   22-block  0
    %%%%%:   22-block  1
    =====:   23:    }
    $$$$$:   23-block  0
call    0 never executed
        -:   24:
        -:   25:};
        -:   26:
        -:   27:class Validator
        -:   28:{
        -:   29:public:
        -:   30:    void valideaza(const Medicament &m)
        -:   31:{
        -:   32:    vector<string> erori;
        -:   33:    if(m.getNume().length()<2)
        -:   34:        erori.push_back("Titlul trebuie sa aiba cel putin 2 caractere!");
        -:   35:    if(m.getSubstanta().length()<2)
        -:   36:        erori.push_back("Substanta trebuie sa aiba cel putin 2 caractere!");
        -:   37:    if(m.getProducator().length()<2)
        -:   38:        erori.push_back("Producatorul trebuie sa aiba cel putin 2 caractere!");
        -:   39:    if(m.getPret()<1)
        -:   40:        erori.push_back("Pretul nu poate fi mai mic decat 1!");
        -:   41:    if(!erori.empty())
        -:   42:        throw ValidationException(erori);
        -:   43:
        -:   44:}
        -:   45:};
        -:   46:
        -:   47:#endif //OOP_LAB6_7_VALIDATOR_H
