        -:    0:Source:C:/Users/Omen/CLionProjects/OOP-lab6-7/Repository.h
        -:    0:Graph:C:\Users\Omen\CLionProjects\OOP-lab6-7\cmake-build-debug-coverage\CMakeFiles\OOP_lab6_7.dir\Teste.cpp.gcno
        -:    0:Data:C:\Users\Omen\CLionProjects\OOP-lab6-7\cmake-build-debug-coverage\CMakeFiles\OOP_lab6_7.dir\Teste.cpp.gcda
        -:    0:Runs:1
        -:    1:#ifndef OOP_LAB6_7_REPOSITORY_H
        -:    2:#define OOP_LAB6_7_REPOSITORY_H
        -:    3:#include <utility>
        -:    4:#include <vector>
        -:    5:#include "Medicament.h"
        -:    6:#include "TemplateVectorDinamic.h"
        -:    7:#include <exception>
        -:    8:#include <stdexcept>
        -:    9:using std::vector;
        -:   10:
        -:   11:class RepoAbstract{
        -:   12:
        -:   13:public:
        -:   14:    virtual void addMed(const Medicament& m)=0;
        -:   15:    virtual void deleteMed(const string& nume)=0;
        -:   16:    virtual const vector<Medicament>& getAll() const=0;
        -:   17:    virtual void modificaMed(const Medicament& m)=0;
        -:   18:};
        -:   19:
        -:   20:class Repo :public RepoAbstract
        -:   21:{
        -:   22:private:
        -:   23:    vector<Medicament> medicamente;
        -:   24:
        -:   25:public:
      14*:   26:    Repo() = default;
------------------
_ZN4RepoC1Ev:
function _ZN4RepoC1Ev called 14 returned 100% blocks executed 100%
       14:   26:    Repo() = default;
       14:   26-block  0
call    0 returned 14
call    1 returned 14
------------------
_ZN4RepoC2Ev:
function _ZN4RepoC2Ev called 0 returned 0% blocks executed 0%
    #####:   26:    Repo() = default;
    %%%%%:   26-block  0
call    0 never executed
call    1 never executed
------------------
        -:   27:
        -:   28:    Repo(const Repo& other) = delete;
        -:   29:
        -:   30:    /*Adauga un medicament in Repo*/
        -:   31:    void addMed(const Medicament& m) override;
        -:   32:
        -:   33:    /*Sterge un medicament din Repo cu un nume dat. Arunca exceptie daca medicamentul nu exista.*/
        -:   34:    void deleteMed(const string& nume) override;
        -:   35:
        -:   36:    /*Returneaza toate medicamentele*/
function _ZNK4Repo6getAllEv called 0 returned 0% blocks executed 0%
    #####:   37:    [[nodiscard]] const vector<Medicament>& getAll() const override{
    #####:   38:        return this->medicamente;
    %%%%%:   38-block  0
        -:   39:    }
        -:   40:
        -:   41:    /*Modifica un medicament din farmacie*/
        -:   42:    void modificaMed(const Medicament& m) override;
        -:   43:
      14*:   44:    ~Repo()=default;
------------------
_ZN4RepoD1Ev:
function _ZN4RepoD1Ev called 14 returned 100% blocks executed 100%
       14:   44:    ~Repo()=default;
       14:   44-block  0
call    0 returned 14
------------------
_ZN4RepoD2Ev:
function _ZN4RepoD2Ev called 0 returned 0% blocks executed 0%
    #####:   44:    ~Repo()=default;
    %%%%%:   44-block  0
call    0 never executed
------------------
        -:   45:
        -:   46:};
        -:   47:
        -:   48:
        -:   49:class RepoFile: public Repo{
        -:   50:private:
        -:   51:    string fileName;
        -:   52:    void loadFromFile();
        -:   53:    void saveToFile();
        -:   54:public:
function _ZN8RepoFileC1ENSt7__cxx1112basic_stringIcSt11char_traitsIcESaIcEEE called 0 returned 0% blocks executed 0%
    #####:   55:    RepoFile(string filename): Repo(),fileName{filename} {loadFromFile();};
    %%%%%:   55-block  0
call    0 never executed
call    1 never executed
branch  2 never executed (fallthrough)
branch  3 never executed (throw)
    %%%%%:   55-block  1
call    4 never executed
branch  5 never executed (fallthrough)
branch  6 never executed (throw)
    %%%%%:   55-block  2
    $$$$$:   55-block  3
call    7 never executed
    $$$$$:   55-block  4
call    8 never executed
        -:   56:    void addMed(const Medicament& m) override;
        -:   57:    void deleteMed(const string& nume) override;
        -:   58:    void modificaMed(const Medicament& m) override;
        -:   59:};
        -:   60:
        -:   61:class MyException{
        -:   62:public:
        -:   63:    string mesaj;
        -:   64:    explicit MyException(string m) : mesaj{std::move(m)}{};
function _ZNK11MyException8getMesajB5cxx11Ev called 0 returned 0% blocks executed 0%
    #####:   65:    [[nodiscard]] string getMesaj() const
        -:   66:    {
    #####:   67:        return mesaj;
    %%%%%:   67-block  0
call    0 never executed
        -:   68:    }
        -:   69:};
        -:   70:#endif //OOP_LAB6_7_REPOSITORY_H
