        -:    0:Source:C:/Users/Omen/CLionProjects/OOP-lab6-7/Validator.h
        -:    0:Graph:C:\Users\Omen\CLionProjects\OOP-lab6-7\cmake-build-debug-coverage\CMakeFiles\OOP_lab6_7.dir\UI.cpp.gcno
        -:    0:Data:C:\Users\Omen\CLionProjects\OOP-lab6-7\cmake-build-debug-coverage\CMakeFiles\OOP_lab6_7.dir\UI.cpp.gcda
        -:    0:Runs:1
        -:    1:#ifndef OOP_LAB6_7_VALIDATOR_H
        -:    2:#define OOP_LAB6_7_VALIDATOR_H
        -:    3:#include "Medicament.h"
        -:    4:#include <utility>
        -:    5:#include <vector>
        -:    6:#include <string>
        -:    7:using std::string;
        -:    8:using std::vector;
        -:    9:
        -:   10:class ValidationException
        -:   11:{
        -:   12:    vector <string> mesaj;
        -:   13:public:
        -:   14:    explicit ValidationException(vector<string> eroare): mesaj{std::move(eroare)} {};
        -:   15:
function _ZN19ValidationException8getMesajB5cxx11Ev called 3 returned 100% blocks executed 67%
        3:   16:    string getMesaj()
        3:   16-block  0
        -:   17:    {
        3:   18:        string msg = "";
        3:   18-block  0
call    0 returned 3
branch  1 taken 3 (fallthrough)
branch  2 taken 0 (throw)
    $$$$$:   18-block  1
call    3 never executed
       11:   19:        for(const string& e: mesaj)
call    0 returned 3
call    1 returned 3
        8:   19-block  0
call    2 returned 8
       11:   19-block  1
call    3 returned 11
branch  4 taken 8
branch  5 taken 3 (fallthrough)
        8:   20:            msg+= e+"\n";
call    0 returned 8
branch  1 taken 8 (fallthrough)
branch  2 taken 0 (throw)
        8:   20-block  0
call    3 returned 8
branch  4 taken 8 (fallthrough)
branch  5 taken 0 (throw)
        8:   20-block  1
call    6 returned 8
call    7 returned 8
    $$$$$:   20-block  2
call    8 never executed
    $$$$$:   20-block  3
        -:   21:
        3:   22:        return msg;
        3:   22-block  0
        3:   22-block  1
    =====:   23:    }
    $$$$$:   23-block  0
call    0 never executed
        -:   24:
        -:   25:};
        -:   26:
        -:   27:class Validator
        -:   28:{
        -:   29:public:
        -:   30:    void valideaza(const Medicament &m)
        -:   31:{
        -:   32:    vector<string> erori;
        -:   33:    if(m.getNume().length()<2)
        -:   34:        erori.push_back("Titlul trebuie sa aiba cel putin 2 caractere!");
        -:   35:    if(m.getSubstanta().length()<2)
        -:   36:        erori.push_back("Substanta trebuie sa aiba cel putin 2 caractere!");
        -:   37:    if(m.getProducator().length()<2)
        -:   38:        erori.push_back("Producatorul trebuie sa aiba cel putin 2 caractere!");
        -:   39:    if(m.getPret()<1)
        -:   40:        erori.push_back("Pretul nu poate fi mai mic decat 1!");
        -:   41:    if(!erori.empty())
        -:   42:        throw ValidationException(erori);
        -:   43:
        -:   44:}
        -:   45:};
        -:   46:
        -:   47:#endif //OOP_LAB6_7_VALIDATOR_H
