        -:    0:Source:C:/Users/Omen/CLionProjects/OOP-lab6-7/Medicament.h
        -:    0:Graph:C:\Users\Omen\CLionProjects\OOP-lab6-7\cmake-build-debug-coverage\CMakeFiles\OOP_lab6_7.dir\UI.cpp.gcno
        -:    0:Data:C:\Users\Omen\CLionProjects\OOP-lab6-7\cmake-build-debug-coverage\CMakeFiles\OOP_lab6_7.dir\UI.cpp.gcda
        -:    0:Runs:1
        -:    1:#ifndef OOP_LAB6_7_MEDICAMENT_H
        -:    2:#define OOP_LAB6_7_MEDICAMENT_H
        -:    3:#include <string>
        -:    4:#include <iostream>
        -:    5:#include <utility>
        -:    6:using std::cout;
        -:    7:using std::string;
        -:    8:
        -:    9:class Medicament
        -:   10:{
        -:   11:private:
        -:   12:    string nume;
        -:   13:    int pret;
        -:   14:    string producator;
        -:   15:    string substanta;
        -:   16:
        -:   17:public:
        -:   18:    Medicament() = default;
        -:   19:
        -:   20:    Medicament(string nume, int pret, string producator, string substanta) : nume{ std::move(nume) }, pret{ pret }, producator{std::move(producator)}, substanta{std::move(substanta)}{
        -:   21:    }
        -:   22:
        -:   23:    //constructor de copiere
function _ZN10MedicamentC1ERKS_ called 0 returned 0% blocks executed 0%
    #####:   24:    Medicament(const Medicament& other) = default;
    %%%%%:   24-block  0
call    0 never executed
call    1 never executed
branch  2 never executed (fallthrough)
branch  3 never executed (throw)
    %%%%%:   24-block  1
call    4 never executed
branch  5 never executed (fallthrough)
branch  6 never executed (throw)
    %%%%%:   24-block  2
    $$$$$:   24-block  3
call    7 never executed
    $$$$$:   24-block  4
call    8 never executed
        -:   25:
        -:   26:    /*Returneaza numele medicamentului*/
function _ZNK10Medicament7getNumeB5cxx11Ev called 0 returned 0% blocks executed 0%
    #####:   27:    [[nodiscard]] std::string getNume() const{
    #####:   28:        return this->nume;
    %%%%%:   28-block  0
call    0 never executed
        -:   29:    }
        -:   30:
        -:   31:    /*Returneaza producatorul medicamentului*/
function _ZNK10Medicament13getProducatorB5cxx11Ev called 0 returned 0% blocks executed 0%
    #####:   32:    [[nodiscard]] std::string getProducator() const{
    #####:   33:        return this->producator;
    %%%%%:   33-block  0
call    0 never executed
        -:   34:    }
        -:   35:
        -:   36:    /*Returneaza substanta medicamentului*/
function _ZNK10Medicament12getSubstantaB5cxx11Ev called 0 returned 0% blocks executed 0%
    #####:   37:    [[nodiscard]] std::string getSubstanta() const{
    #####:   38:        return this->substanta;
    %%%%%:   38-block  0
call    0 never executed
        -:   39:    }
        -:   40:
        -:   41:    /*Returneaza pretul medicamentului*/
function _ZNK10Medicament7getPretEv called 0 returned 0% blocks executed 0%
    #####:   42:    [[nodiscard]] int getPret() const{
        -:   43:
    #####:   44:        return this->pret;
    %%%%%:   44-block  0
        -:   45:    }
        -:   46:
function _ZN10MedicamentD1Ev called 0 returned 0% blocks executed 0%
    #####:   47:    ~Medicament() = default;
    %%%%%:   47-block  0
call    0 never executed
call    1 never executed
call    2 never executed
        -:   48:};
        -:   49:
        -:   50:
        -:   51:
        -:   52:
        -:   53:#endif //OOP_LAB6_7_MEDICAMENT_H
